<?xml version="1.0" encoding="UTF-8"?>
<!-- Generated by org.testng.reporters.JUnitReportReporter -->
<testsuite hostname="SARAKULK-M-D26K" failures="0" tests="1" name="in.amazon.testscripts.TestRunner" time="21.174" errors="0" timestamp="2023-03-29T11:47:19 IST" skipped="0">
  <testcase classname="in.amazon.testscripts.TestRunner" name="runScenario" time="21.174"/>
  <system-out/>
</testsuite> <!-- in.amazon.testscripts.TestRunner -->
