<?xml version="1.0" encoding="UTF-8"?>
<!-- Generated by org.testng.reporters.JUnitReportReporter -->
<testsuite hostname="SARAKULK-M-D26K" failures="0" tests="1" name="in.amazon.testscripts.DDF" time="6.214" errors="0" timestamp="2023-03-15T17:17:22 IST" skipped="0">
  <testcase classname="in.amazon.testscripts.DDF" name="verifyErrMsg" time="6.214"/>
  <system-out/>
</testsuite> <!-- in.amazon.testscripts.DDF -->
