<?xml version="1.0" encoding="UTF-8"?>
<!-- Generated by org.testng.reporters.JUnitReportReporter -->
<testsuite hostname="SARAKULK-M-D26K" failures="0" tests="1" name="in.amazon.testscripts.VerfiyErrmsg" time="3.106" errors="0" timestamp="2023-03-15T17:16:55 IST" skipped="0">
  <testcase classname="in.amazon.testscripts.VerfiyErrmsg" name="verifyErrMsg" time="3.106"/>
  <system-out/>
</testsuite> <!-- in.amazon.testscripts.VerfiyErrmsg -->
