<?xml version="1.0" encoding="UTF-8"?>
<!-- Generated by org.testng.reporters.JUnitReportReporter -->
<testsuite hostname="SARAKULK-M-D26K" failures="0" tests="4" name="com.cisco.SeleniumPro.multiplevalidations" time="0.104" errors="0" timestamp="2023-03-13T13:49:44 IST" skipped="0">
  <testcase classname="com.cisco.SeleniumPro.multiplevalidations" name="VerifyLoginBtnIsBlue" time="0.034"/>
  <system-out/>
  <testcase classname="com.cisco.SeleniumPro.multiplevalidations" name="verifyText1" time="0.033"/>
  <system-out/>
  <testcase classname="com.cisco.SeleniumPro.multiplevalidations" name="verifyText" time="0.030"/>
  <system-out/>
  <testcase classname="com.cisco.SeleniumPro.multiplevalidations" name="VerifyTitle" time="0.007"/>
  <system-out/>
</testsuite> <!-- com.cisco.SeleniumPro.multiplevalidations -->
