<?xml version="1.0" encoding="UTF-8"?>
<!-- Generated by org.testng.reporters.JUnitReportReporter -->
<testsuite hostname="SARAKULK-M-D26K" failures="0" tests="4" name="TestNG.multiplevalidations" time="0.087" errors="0" timestamp="2023-03-09T14:06:20 IST" skipped="0">
  <testcase classname="TestNG.multiplevalidations" name="VerifyLoginBtnIsBlue" time="0.029"/>
  <system-out/>
  <testcase classname="TestNG.multiplevalidations" name="verifyText1" time="0.025"/>
  <system-out/>
  <testcase classname="TestNG.multiplevalidations" name="VerifyTitle" time="0.006"/>
  <system-out/>
  <testcase classname="TestNG.multiplevalidations" name="verifyText" time="0.027"/>
  <system-out/>
</testsuite> <!-- TestNG.multiplevalidations -->
